This is pdfTeX, Version 3.141592653-2.6-1.40.22 (MiKTeX 21.2) (preloaded format=pdflatex 2021.3.8)  8 MAR 2021 23:07
entering extended mode
**./main.tex
(main.tex
LaTeX2e <2020-10-01> patch level 4
L3 programming layer <2021-02-18> xparse <2020-03-03> (wileySix.cls


 Wiley Book Style, Design No.: SD 001C
 and SD 004B
 
 Written by Amy Hendrickson, TeXnology, Inc.
 
 This version is dated Feb 16, 2011


\phspace=\dimen138
\SpaceAboveChapterNumber=\dimen139
\savefootnotenumber=\count179
\ftnum=\count180
\saveftnum=\count181
\c@chapapp=\count182
\c@part=\count183
\c@chapter=\count184
\c@section=\count185
\c@subsection=\count186
\c@subsubsection=\count187
\c@paragraph=\count188
\c@subparagraph=\count189
\c@figure=\count190
\c@table=\count191
\abovecaptionskip=\skip47
\belowcaptionskip=\skip48
\partskip=\skip49
\tabandfigskip=\skip50
\footnum=\count192
\savefootnum=\count193
\@indexfile=\write3
\openout3 = `main.idx'.

Writing index file main.idx
\iletterskip=\skip51
\timing=\count194
\hourcount=\count195
\oldtime=\count196
\probcount=\count197
\subprobcount=\count198
\c@subproblem=\count199
\c@subproblem=\count266
\widthofcropmarks=\dimen140
\raisetopcropmarks=\dimen141
\raisebottomcropmarks=\dimen142
\movecropmarksright=\dimen143
\c@theorem=\count267
\c@appfootnote=\count268
\slugwidth=\dimen144
\slugheight=\dimen145
\slugdepth=\dimen146
\c@exampnum=\count269
\c@algo=\count270
\c@algorithm=\count271
\chapskip=\dimen147
\chapheight=\dimen148
\authorskip=\dimen149
) (D:\New folder (3)\mitex\tex/latex/graphics\graphicx.sty
Package: graphicx 2020/09/09 v1.2b Enhanced LaTeX Graphics (DPC,SPQR)

(D:\New folder (3)\mitex\tex/latex/graphics\keyval.sty
Package: keyval 2014/10/28 v1.15 key=value parser (DPC)
\KV@toks@=\toks15
)
(D:\New folder (3)\mitex\tex/latex/graphics\graphics.sty
Package: graphics 2020/08/30 v1.4c Standard LaTeX Graphics (DPC,SPQR)

(D:\New folder (3)\mitex\tex/latex/graphics\trig.sty
Package: trig 2016/01/03 v1.10 sin cos tan (DPC)
)
(D:\New folder (3)\mitex\tex/latex/graphics-cfg\graphics.cfg
File: graphics.cfg 2016/06/04 v1.11 sample graphics configuration
)
Package graphics Info: Driver file: pdftex.def on input line 105.

(D:\New folder (3)\mitex\tex/latex/graphics-def\pdftex.def
File: pdftex.def 2020/10/05 v1.2a Graphics/color driver for pdftex
))
\Gin@req@height=\dimen150
\Gin@req@width=\dimen151
)
(D:\New folder (3)\mitex\tex/latex/listings\listings.sty
\lst@mode=\count272
\lst@gtempboxa=\box47
\lst@token=\toks16
\lst@length=\count273
\lst@currlwidth=\dimen152
\lst@column=\count274
\lst@pos=\count275
\lst@lostspace=\dimen153
\lst@width=\dimen154
\lst@newlines=\count276
\lst@lineno=\count277
\lst@maxwidth=\dimen155

(D:\New folder (3)\mitex\tex/latex/listings\lstmisc.sty
File: lstmisc.sty 2020/03/24 1.8d (Carsten Heinz)
\c@lstnumber=\count278
\lst@skipnumbers=\count279
\lst@framebox=\box48
)
(D:\New folder (3)\mitex\tex/latex/listings\listings.cfg
File: listings.cfg 2020/03/24 1.8d listings configuration
))
Package: listings 2020/03/24 1.8d (Carsten Heinz)


! LaTeX Error: File `float.sty' not found.

Type X to quit or <RETURN> to proceed,
or enter new name. (Default extension: sty)

Enter file name: 
! Emergency stop.
<read *> 
         
l.30 \usepackage
                [urlcolor=blue, colorlinks=true]{hyperref}
*** (cannot \read from terminal in nonstop modes)

 
Here is how much of TeX's memory you used:
 2123 strings out of 479334
 28672 string characters out of 2866955
 324528 words of memory out of 3000000
 19633 multiletter control sequences out of 15000+200000
 410148 words of font info for 49 fonts, out of 3000000 for 9000
 1141 hyphenation exceptions out of 8191
 68i,0n,74p,204b,262s stack positions out of 5000i,500n,10000p,200000b,50000s
!  ==> Fatal error occurred, no output PDF file produced!
